Detecting C OpenMP failed with the following output:
Change Dir: /Users/jerrychen/Downloads/openGLredBook9th-master/CMakeFiles/CMakeTmp

Run Build Command(s):/usr/bin/xcodebuild -project CMAKE_TRY_COMPILE.xcodeproj build -target cmTC_4292c -configuration Debug -hideShellScriptEnvironment && 2020-08-01 11:26:35.897 xcodebuild[5622:159984] [MT] PluginLoading: Required plug-in compatibility UUID C80A9C11-3902-4885-944E-A035869BA910 for plug-in at path '~/Library/Application Support/Developer/Shared/Xcode/Plug-ins/KSHObjcUML.xcplugin' not present in DVTPlugInCompatibilityUUIDs
Command line invocation:
    /Applications/Xcode.app/Contents/Developer/usr/bin/xcodebuild -project CMAKE_TRY_COMPILE.xcodeproj build -target cmTC_4292c -configuration Debug -hideShellScriptEnvironment

User defaults from command line:
    HideShellScriptEnvironment = YES

Prepare build
note: Using legacy build system
=== BUILD TARGET cmTC_4292c OF PROJECT CMAKE_TRY_COMPILE WITH CONFIGURATION Debug ===

Check dependencies

Write auxiliary files
/bin/mkdir -p /Users/jerrychen/Downloads/openGLredBook9th-master/CMakeFiles/CMakeTmp/CMAKE_TRY_COMPILE.build/Debug/cmTC_4292c.build/Objects-normal/x86_64
write-file /Users/jerrychen/Downloads/openGLredBook9th-master/CMakeFiles/CMakeTmp/CMAKE_TRY_COMPILE.build/Debug/cmTC_4292c.build/Objects-normal/x86_64/cmTC_4292c.LinkFileList

CompileC CMAKE_TRY_COMPILE.build/Debug/cmTC_4292c.build/Objects-normal/x86_64/OpenMPTryFlag.o /Users/jerrychen/Downloads/openGLredBook9th-master/CMakeFiles/FindOpenMP/OpenMPTryFlag.c normal x86_64 c com.apple.compilers.llvm.clang.1_0.compiler
    cd /Users/jerrychen/Downloads/openGLredBook9th-master/CMakeFiles/CMakeTmp
    /Applications/Xcode.app/Contents/Developer/Toolchains/XcodeDefault.xctoolchain/usr/bin/clang -x c -target x86_64-apple-macos10.15 -fmessage-length=0 -fdiagnostics-show-note-include-stack -fmacro-backtrace-limit=0 -Wno-trigraphs -fpascal-strings -O0 -Wno-missing-field-initializers -Wno-missing-prototypes -Wno-return-type -Wno-missing-braces -Wparentheses -Wswitch -Wno-unused-function -Wno-unused-label -Wno-unused-parameter -Wno-unused-variable -Wunused-value -Wno-empty-body -Wno-uninitialized -Wno-unknown-pragmas -Wno-shadow -Wno-four-char-constants -Wno-conversion -Wno-constant-conversion -Wno-int-conversion -Wno-bool-conversion -Wno-enum-conversion -Wno-float-conversion -Wno-non-literal-null-conversion -Wno-objc-literal-conversion -Wno-shorten-64-to-32 -Wpointer-sign -Wno-newline-eof -DCMAKE_INTDIR=\"Debug\" -isysroot /Applications/Xcode.app/Contents/Developer/Platforms/MacOSX.platform/Developer/SDKs/MacOSX10.15.sdk -fasm-blocks -fstrict-aliasing -Wdeprecated-declarations -g -Wno-sign-conversion -Wno-infinite-recursion -Wno-comma -Wno-block-capture-autoreleasing -Wno-strict-prototypes -Wno-semicolon-before-method-body -I/Users/jerrychen/Downloads/openGLredBook9th-master/CMakeFiles/CMakeTmp/Debug/include -I/Users/jerrychen/Downloads/openGLredBook9th-master/CMakeFiles/CMakeTmp/CMAKE_TRY_COMPILE.build/Debug/cmTC_4292c.build/DerivedSources-normal/x86_64 -I/Users/jerrychen/Downloads/openGLredBook9th-master/CMakeFiles/CMakeTmp/CMAKE_TRY_COMPILE.build/Debug/cmTC_4292c.build/DerivedSources/x86_64 -I/Users/jerrychen/Downloads/openGLredBook9th-master/CMakeFiles/CMakeTmp/CMAKE_TRY_COMPILE.build/Debug/cmTC_4292c.build/DerivedSources -F/Users/jerrychen/Downloads/openGLredBook9th-master/CMakeFiles/CMakeTmp/Debug -fopenmp=libomp -v -MMD -MT dependencies -MF /Users/jerrychen/Downloads/openGLredBook9th-master/CMakeFiles/CMakeTmp/CMAKE_TRY_COMPILE.build/Debug/cmTC_4292c.build/Objects-normal/x86_64/OpenMPTryFlag.d --serialize-diagnostics /Users/jerrychen/Downloads/openGLredBook9th-master/CMakeFiles/CMakeTmp/CMAKE_TRY_COMPILE.build/Debug/cmTC_4292c.build/Objects-normal/x86_64/OpenMPTryFlag.dia -c /Users/jerrychen/Downloads/openGLredBook9th-master/CMakeFiles/FindOpenMP/OpenMPTryFlag.c -o /Users/jerrychen/Downloads/openGLredBook9th-master/CMakeFiles/CMakeTmp/CMAKE_TRY_COMPILE.build/Debug/cmTC_4292c.build/Objects-normal/x86_64/OpenMPTryFlag.o
Apple clang version 11.0.3 (clang-1103.0.32.62)
Target: x86_64-apple-macos10.15
Thread model: posix
InstalledDir: /Applications/Xcode.app/Contents/Developer/Toolchains/XcodeDefault.xctoolchain/usr/bin
clang: error: unsupported argument 'libomp' to option 'fopenmp='

** BUILD FAILED **


The following build commands failed:
	CompileC CMAKE_TRY_COMPILE.build/Debug/cmTC_4292c.build/Objects-normal/x86_64/OpenMPTryFlag.o /Users/jerrychen/Downloads/openGLredBook9th-master/CMakeFiles/FindOpenMP/OpenMPTryFlag.c normal x86_64 c com.apple.compilers.llvm.clang.1_0.compiler
(1 failure)



Detecting C OpenMP failed with the following output:
Change Dir: /Users/jerrychen/Downloads/openGLredBook9th-master/CMakeFiles/CMakeTmp

Run Build Command(s):/usr/bin/xcodebuild -project CMAKE_TRY_COMPILE.xcodeproj build -target cmTC_58469 -configuration Debug -hideShellScriptEnvironment && 2020-08-01 11:26:39.028 xcodebuild[5636:160238] [MT] PluginLoading: Required plug-in compatibility UUID C80A9C11-3902-4885-944E-A035869BA910 for plug-in at path '~/Library/Application Support/Developer/Shared/Xcode/Plug-ins/KSHObjcUML.xcplugin' not present in DVTPlugInCompatibilityUUIDs
Command line invocation:
    /Applications/Xcode.app/Contents/Developer/usr/bin/xcodebuild -project CMAKE_TRY_COMPILE.xcodeproj build -target cmTC_58469 -configuration Debug -hideShellScriptEnvironment

User defaults from command line:
    HideShellScriptEnvironment = YES

Prepare build
note: Using legacy build system
=== BUILD TARGET cmTC_58469 OF PROJECT CMAKE_TRY_COMPILE WITH CONFIGURATION Debug ===

Check dependencies

Write auxiliary files
/bin/mkdir -p /Users/jerrychen/Downloads/openGLredBook9th-master/CMakeFiles/CMakeTmp/CMAKE_TRY_COMPILE.build/Debug/cmTC_58469.build/Objects-normal/x86_64
write-file /Users/jerrychen/Downloads/openGLredBook9th-master/CMakeFiles/CMakeTmp/CMAKE_TRY_COMPILE.build/Debug/cmTC_58469.build/Objects-normal/x86_64/cmTC_58469.LinkFileList

CompileC CMAKE_TRY_COMPILE.build/Debug/cmTC_58469.build/Objects-normal/x86_64/OpenMPTryFlag.o /Users/jerrychen/Downloads/openGLredBook9th-master/CMakeFiles/FindOpenMP/OpenMPTryFlag.c normal x86_64 c com.apple.compilers.llvm.clang.1_0.compiler
    cd /Users/jerrychen/Downloads/openGLredBook9th-master/CMakeFiles/CMakeTmp
    /Applications/Xcode.app/Contents/Developer/Toolchains/XcodeDefault.xctoolchain/usr/bin/clang -x c -target x86_64-apple-macos10.15 -fmessage-length=0 -fdiagnostics-show-note-include-stack -fmacro-backtrace-limit=0 -Wno-trigraphs -fpascal-strings -O0 -Wno-missing-field-initializers -Wno-missing-prototypes -Wno-return-type -Wno-missing-braces -Wparentheses -Wswitch -Wno-unused-function -Wno-unused-label -Wno-unused-parameter -Wno-unused-variable -Wunused-value -Wno-empty-body -Wno-uninitialized -Wno-unknown-pragmas -Wno-shadow -Wno-four-char-constants -Wno-conversion -Wno-constant-conversion -Wno-int-conversion -Wno-bool-conversion -Wno-enum-conversion -Wno-float-conversion -Wno-non-literal-null-conversion -Wno-objc-literal-conversion -Wno-shorten-64-to-32 -Wpointer-sign -Wno-newline-eof -DCMAKE_INTDIR=\"Debug\" -isysroot /Applications/Xcode.app/Contents/Developer/Platforms/MacOSX.platform/Developer/SDKs/MacOSX10.15.sdk -fasm-blocks -fstrict-aliasing -Wdeprecated-declarations -g -Wno-sign-conversion -Wno-infinite-recursion -Wno-comma -Wno-block-capture-autoreleasing -Wno-strict-prototypes -Wno-semicolon-before-method-body -I/Users/jerrychen/Downloads/openGLredBook9th-master/CMakeFiles/CMakeTmp/Debug/include -I/Users/jerrychen/Downloads/openGLredBook9th-master/CMakeFiles/CMakeTmp/CMAKE_TRY_COMPILE.build/Debug/cmTC_58469.build/DerivedSources-normal/x86_64 -I/Users/jerrychen/Downloads/openGLredBook9th-master/CMakeFiles/CMakeTmp/CMAKE_TRY_COMPILE.build/Debug/cmTC_58469.build/DerivedSources/x86_64 -I/Users/jerrychen/Downloads/openGLredBook9th-master/CMakeFiles/CMakeTmp/CMAKE_TRY_COMPILE.build/Debug/cmTC_58469.build/DerivedSources -F/Users/jerrychen/Downloads/openGLredBook9th-master/CMakeFiles/CMakeTmp/Debug -fopenmp=libiomp5 -v -MMD -MT dependencies -MF /Users/jerrychen/Downloads/openGLredBook9th-master/CMakeFiles/CMakeTmp/CMAKE_TRY_COMPILE.build/Debug/cmTC_58469.build/Objects-normal/x86_64/OpenMPTryFlag.d --serialize-diagnostics /Users/jerrychen/Downloads/openGLredBook9th-master/CMakeFiles/CMakeTmp/CMAKE_TRY_COMPILE.build/Debug/cmTC_58469.build/Objects-normal/x86_64/OpenMPTryFlag.dia -c /Users/jerrychen/Downloads/openGLredBook9th-master/CMakeFiles/FindOpenMP/OpenMPTryFlag.c -o /Users/jerrychen/Downloads/openGLredBook9th-master/CMakeFiles/CMakeTmp/CMAKE_TRY_COMPILE.build/Debug/cmTC_58469.build/Objects-normal/x86_64/OpenMPTryFlag.o
Apple clang version 11.0.3 (clang-1103.0.32.62)
Target: x86_64-apple-macos10.15
Thread model: posix
InstalledDir: /Applications/Xcode.app/Contents/Developer/Toolchains/XcodeDefault.xctoolchain/usr/bin
clang: error: unsupported argument 'libiomp5' to option 'fopenmp='

** BUILD FAILED **


The following build commands failed:
	CompileC CMAKE_TRY_COMPILE.build/Debug/cmTC_58469.build/Objects-normal/x86_64/OpenMPTryFlag.o /Users/jerrychen/Downloads/openGLredBook9th-master/CMakeFiles/FindOpenMP/OpenMPTryFlag.c normal x86_64 c com.apple.compilers.llvm.clang.1_0.compiler
(1 failure)



Detecting C OpenMP failed with the following output:
Change Dir: /Users/jerrychen/Downloads/openGLredBook9th-master/CMakeFiles/CMakeTmp

Run Build Command(s):/usr/bin/xcodebuild -project CMAKE_TRY_COMPILE.xcodeproj build -target cmTC_19688 -configuration Debug -hideShellScriptEnvironment && 2020-08-01 11:26:41.655 xcodebuild[5650:160521] [MT] PluginLoading: Required plug-in compatibility UUID C80A9C11-3902-4885-944E-A035869BA910 for plug-in at path '~/Library/Application Support/Developer/Shared/Xcode/Plug-ins/KSHObjcUML.xcplugin' not present in DVTPlugInCompatibilityUUIDs
Command line invocation:
    /Applications/Xcode.app/Contents/Developer/usr/bin/xcodebuild -project CMAKE_TRY_COMPILE.xcodeproj build -target cmTC_19688 -configuration Debug -hideShellScriptEnvironment

User defaults from command line:
    HideShellScriptEnvironment = YES

Prepare build
note: Using legacy build system
=== BUILD TARGET cmTC_19688 OF PROJECT CMAKE_TRY_COMPILE WITH CONFIGURATION Debug ===

Check dependencies

Write auxiliary files
/bin/mkdir -p /Users/jerrychen/Downloads/openGLredBook9th-master/CMakeFiles/CMakeTmp/CMAKE_TRY_COMPILE.build/Debug/cmTC_19688.build/Objects-normal/x86_64
write-file /Users/jerrychen/Downloads/openGLredBook9th-master/CMakeFiles/CMakeTmp/CMAKE_TRY_COMPILE.build/Debug/cmTC_19688.build/Objects-normal/x86_64/cmTC_19688.LinkFileList

CompileC CMAKE_TRY_COMPILE.build/Debug/cmTC_19688.build/Objects-normal/x86_64/OpenMPTryFlag.o /Users/jerrychen/Downloads/openGLredBook9th-master/CMakeFiles/FindOpenMP/OpenMPTryFlag.c normal x86_64 c com.apple.compilers.llvm.clang.1_0.compiler
    cd /Users/jerrychen/Downloads/openGLredBook9th-master/CMakeFiles/CMakeTmp
    /Applications/Xcode.app/Contents/Developer/Toolchains/XcodeDefault.xctoolchain/usr/bin/clang -x c -target x86_64-apple-macos10.15 -fmessage-length=0 -fdiagnostics-show-note-include-stack -fmacro-backtrace-limit=0 -Wno-trigraphs -fpascal-strings -O0 -Wno-missing-field-initializers -Wno-missing-prototypes -Wno-return-type -Wno-missing-braces -Wparentheses -Wswitch -Wno-unused-function -Wno-unused-label -Wno-unused-parameter -Wno-unused-variable -Wunused-value -Wno-empty-body -Wno-uninitialized -Wno-unknown-pragmas -Wno-shadow -Wno-four-char-constants -Wno-conversion -Wno-constant-conversion -Wno-int-conversion -Wno-bool-conversion -Wno-enum-conversion -Wno-float-conversion -Wno-non-literal-null-conversion -Wno-objc-literal-conversion -Wno-shorten-64-to-32 -Wpointer-sign -Wno-newline-eof -DCMAKE_INTDIR=\"Debug\" -isysroot /Applications/Xcode.app/Contents/Developer/Platforms/MacOSX.platform/Developer/SDKs/MacOSX10.15.sdk -fasm-blocks -fstrict-aliasing -Wdeprecated-declarations -g -Wno-sign-conversion -Wno-infinite-recursion -Wno-comma -Wno-block-capture-autoreleasing -Wno-strict-prototypes -Wno-semicolon-before-method-body -I/Users/jerrychen/Downloads/openGLredBook9th-master/CMakeFiles/CMakeTmp/Debug/include -I/Users/jerrychen/Downloads/openGLredBook9th-master/CMakeFiles/CMakeTmp/CMAKE_TRY_COMPILE.build/Debug/cmTC_19688.build/DerivedSources-normal/x86_64 -I/Users/jerrychen/Downloads/openGLredBook9th-master/CMakeFiles/CMakeTmp/CMAKE_TRY_COMPILE.build/Debug/cmTC_19688.build/DerivedSources/x86_64 -I/Users/jerrychen/Downloads/openGLredBook9th-master/CMakeFiles/CMakeTmp/CMAKE_TRY_COMPILE.build/Debug/cmTC_19688.build/DerivedSources -F/Users/jerrychen/Downloads/openGLredBook9th-master/CMakeFiles/CMakeTmp/Debug -fopenmp -v -MMD -MT dependencies -MF /Users/jerrychen/Downloads/openGLredBook9th-master/CMakeFiles/CMakeTmp/CMAKE_TRY_COMPILE.build/Debug/cmTC_19688.build/Objects-normal/x86_64/OpenMPTryFlag.d --serialize-diagnostics /Users/jerrychen/Downloads/openGLredBook9th-master/CMakeFiles/CMakeTmp/CMAKE_TRY_COMPILE.build/Debug/cmTC_19688.build/Objects-normal/x86_64/OpenMPTryFlag.dia -c /Users/jerrychen/Downloads/openGLredBook9th-master/CMakeFiles/FindOpenMP/OpenMPTryFlag.c -o /Users/jerrychen/Downloads/openGLredBook9th-master/CMakeFiles/CMakeTmp/CMAKE_TRY_COMPILE.build/Debug/cmTC_19688.build/Objects-normal/x86_64/OpenMPTryFlag.o
Apple clang version 11.0.3 (clang-1103.0.32.62)
Target: x86_64-apple-macos10.15
Thread model: posix
InstalledDir: /Applications/Xcode.app/Contents/Developer/Toolchains/XcodeDefault.xctoolchain/usr/bin
clang: error: unsupported option '-fopenmp'

** BUILD FAILED **


The following build commands failed:
	CompileC CMAKE_TRY_COMPILE.build/Debug/cmTC_19688.build/Objects-normal/x86_64/OpenMPTryFlag.o /Users/jerrychen/Downloads/openGLredBook9th-master/CMakeFiles/FindOpenMP/OpenMPTryFlag.c normal x86_64 c com.apple.compilers.llvm.clang.1_0.compiler
(1 failure)



Detecting C OpenMP failed with the following output:
Change Dir: /Users/jerrychen/Downloads/openGLredBook9th-master/CMakeFiles/CMakeTmp

Run Build Command(s):/usr/bin/xcodebuild -project CMAKE_TRY_COMPILE.xcodeproj build -target cmTC_d341e -configuration Debug -hideShellScriptEnvironment && 2020-08-01 11:26:44.032 xcodebuild[5665:160728] [MT] PluginLoading: Required plug-in compatibility UUID C80A9C11-3902-4885-944E-A035869BA910 for plug-in at path '~/Library/Application Support/Developer/Shared/Xcode/Plug-ins/KSHObjcUML.xcplugin' not present in DVTPlugInCompatibilityUUIDs
Command line invocation:
    /Applications/Xcode.app/Contents/Developer/usr/bin/xcodebuild -project CMAKE_TRY_COMPILE.xcodeproj build -target cmTC_d341e -configuration Debug -hideShellScriptEnvironment

User defaults from command line:
    HideShellScriptEnvironment = YES

Prepare build
note: Using legacy build system
=== BUILD TARGET cmTC_d341e OF PROJECT CMAKE_TRY_COMPILE WITH CONFIGURATION Debug ===

Check dependencies

Write auxiliary files
/bin/mkdir -p /Users/jerrychen/Downloads/openGLredBook9th-master/CMakeFiles/CMakeTmp/CMAKE_TRY_COMPILE.build/Debug/cmTC_d341e.build/Objects-normal/x86_64
write-file /Users/jerrychen/Downloads/openGLredBook9th-master/CMakeFiles/CMakeTmp/CMAKE_TRY_COMPILE.build/Debug/cmTC_d341e.build/Objects-normal/x86_64/cmTC_d341e.LinkFileList

CompileC CMAKE_TRY_COMPILE.build/Debug/cmTC_d341e.build/Objects-normal/x86_64/OpenMPTryFlag.o /Users/jerrychen/Downloads/openGLredBook9th-master/CMakeFiles/FindOpenMP/OpenMPTryFlag.c normal x86_64 c com.apple.compilers.llvm.clang.1_0.compiler
    cd /Users/jerrychen/Downloads/openGLredBook9th-master/CMakeFiles/CMakeTmp
    /Applications/Xcode.app/Contents/Developer/Toolchains/XcodeDefault.xctoolchain/usr/bin/clang -x c -target x86_64-apple-macos10.15 -fmessage-length=0 -fdiagnostics-show-note-include-stack -fmacro-backtrace-limit=0 -Wno-trigraphs -fpascal-strings -O0 -Wno-missing-field-initializers -Wno-missing-prototypes -Wno-return-type -Wno-missing-braces -Wparentheses -Wswitch -Wno-unused-function -Wno-unused-label -Wno-unused-parameter -Wno-unused-variable -Wunused-value -Wno-empty-body -Wno-uninitialized -Wno-unknown-pragmas -Wno-shadow -Wno-four-char-constants -Wno-conversion -Wno-constant-conversion -Wno-int-conversion -Wno-bool-conversion -Wno-enum-conversion -Wno-float-conversion -Wno-non-literal-null-conversion -Wno-objc-literal-conversion -Wno-shorten-64-to-32 -Wpointer-sign -Wno-newline-eof -DCMAKE_INTDIR=\"Debug\" -isysroot /Applications/Xcode.app/Contents/Developer/Platforms/MacOSX.platform/Developer/SDKs/MacOSX10.15.sdk -fasm-blocks -fstrict-aliasing -Wdeprecated-declarations -g -Wno-sign-conversion -Wno-infinite-recursion -Wno-comma -Wno-block-capture-autoreleasing -Wno-strict-prototypes -Wno-semicolon-before-method-body -I/Users/jerrychen/Downloads/openGLredBook9th-master/CMakeFiles/CMakeTmp/Debug/include -I/Users/jerrychen/Downloads/openGLredBook9th-master/CMakeFiles/CMakeTmp/CMAKE_TRY_COMPILE.build/Debug/cmTC_d341e.build/DerivedSources-normal/x86_64 -I/Users/jerrychen/Downloads/openGLredBook9th-master/CMakeFiles/CMakeTmp/CMAKE_TRY_COMPILE.build/Debug/cmTC_d341e.build/DerivedSources/x86_64 -I/Users/jerrychen/Downloads/openGLredBook9th-master/CMakeFiles/CMakeTmp/CMAKE_TRY_COMPILE.build/Debug/cmTC_d341e.build/DerivedSources -F/Users/jerrychen/Downloads/openGLredBook9th-master/CMakeFiles/CMakeTmp/Debug -Xclang -fopenmp -v -MMD -MT dependencies -MF /Users/jerrychen/Downloads/openGLredBook9th-master/CMakeFiles/CMakeTmp/CMAKE_TRY_COMPILE.build/Debug/cmTC_d341e.build/Objects-normal/x86_64/OpenMPTryFlag.d --serialize-diagnostics /Users/jerrychen/Downloads/openGLredBook9th-master/CMakeFiles/CMakeTmp/CMAKE_TRY_COMPILE.build/Debug/cmTC_d341e.build/Objects-normal/x86_64/OpenMPTryFlag.dia -c /Users/jerrychen/Downloads/openGLredBook9th-master/CMakeFiles/FindOpenMP/OpenMPTryFlag.c -o /Users/jerrychen/Downloads/openGLredBook9th-master/CMakeFiles/CMakeTmp/CMAKE_TRY_COMPILE.build/Debug/cmTC_d341e.build/Objects-normal/x86_64/OpenMPTryFlag.o
Apple clang version 11.0.3 (clang-1103.0.32.62)
Target: x86_64-apple-macos10.15
Thread model: posix
InstalledDir: /Applications/Xcode.app/Contents/Developer/Toolchains/XcodeDefault.xctoolchain/usr/bin
 "/Applications/Xcode.app/Contents/Developer/Toolchains/XcodeDefault.xctoolchain/usr/bin/clang" -cc1 -triple x86_64-apple-macosx10.15.0 -Wdeprecated-objc-isa-usage -Werror=deprecated-objc-isa-usage -emit-obj -mrelax-all -disable-free -disable-llvm-verifier -discard-value-names -main-file-name OpenMPTryFlag.c -mrelocation-model pic -pic-level 2 -mthread-model posix -mframe-pointer=all -fno-strict-return -masm-verbose -munwind-tables -target-sdk-version=10.15.6 -target-cpu penryn -dwarf-column-info -debug-info-kind=standalone -dwarf-version=4 -debugger-tuning=lldb -target-linker-version 556.6 -v -coverage-notes-file /Users/jerrychen/Downloads/openGLredBook9th-master/CMakeFiles/CMakeTmp/CMAKE_TRY_COMPILE.build/Debug/cmTC_d341e.build/Objects-normal/x86_64/OpenMPTryFlag.gcno -resource-dir /Applications/Xcode.app/Contents/Developer/Toolchains/XcodeDefault.xctoolchain/usr/lib/clang/11.0.3 -dependency-file /Users/jerrychen/Downloads/openGLredBook9th-master/CMakeFiles/CMakeTmp/CMAKE_TRY_COMPILE.build/Debug/cmTC_d341e.build/Objects-normal/x86_64/OpenMPTryFlag.d -skip-unused-modulemap-deps -MT dependencies -isysroot /Applications/Xcode.app/Contents/Developer/Platforms/MacOSX.platform/Developer/SDKs/MacOSX10.15.sdk -D "CMAKE_INTDIR=\"Debug\"" -I /Users/jerrychen/Downloads/openGLredBook9th-master/CMakeFiles/CMakeTmp/Debug/include -I /Users/jerrychen/Downloads/openGLredBook9th-master/CMakeFiles/CMakeTmp/CMAKE_TRY_COMPILE.build/Debug/cmTC_d341e.build/DerivedSources-normal/x86_64 -I /Users/jerrychen/Downloads/openGLredBook9th-master/CMakeFiles/CMakeTmp/CMAKE_TRY_COMPILE.build/Debug/cmTC_d341e.build/DerivedSources/x86_64 -I /Users/jerrychen/Downloads/openGLredBook9th-master/CMakeFiles/CMakeTmp/CMAKE_TRY_COMPILE.build/Debug/cmTC_d341e.build/DerivedSources -F/Users/jerrychen/Downloads/openGLredBook9th-master/CMakeFiles/CMakeTmp/Debug -internal-isystem /Applications/Xcode.app/Contents/Developer/Platforms/MacOSX.platform/Developer/SDKs/MacOSX10.15.sdk/usr/local/include -internal-isystem /Applications/Xcode.app/Contents/Developer/Toolchains/XcodeDefault.xctoolchain/usr/lib/clang/11.0.3/include -internal-externc-isystem /Applications/Xcode.app/Contents/Developer/Platforms/MacOSX.platform/Developer/SDKs/MacOSX10.15.sdk/usr/include -internal-externc-isystem /Applications/Xcode.app/Contents/Developer/Toolchains/XcodeDefault.xctoolchain/usr/include -O0 -Wno-trigraphs -Wno-missing-field-initializers -Wno-missing-prototypes -Wno-return-type -Wno-missing-braces -Wparentheses -Wswitch -Wno-unused-function -Wno-unused-label -Wno-unused-parameter -Wno-unused-variable -Wunused-value -Wno-empty-body -Wno-uninitialized -Wno-unknown-pragmas -Wno-shadow -Wno-four-char-constants -Wno-conversion -Wno-constant-conversion -Wno-int-conversion -Wno-bool-conversion -Wno-enum-conversion -Wno-float-conversion -Wno-non-literal-null-conversion -Wno-objc-literal-conversion -Wno-shorten-64-to-32 -Wpointer-sign -Wno-newline-eof -Wdeprecated-declarations -Wno-sign-conversion -Wno-infinite-recursion -Wno-comma -Wno-block-capture-autoreleasing -Wno-strict-prototypes -Wno-semicolon-before-method-body -Wno-objc-signed-char-bool-implicit-int-conversion -Wno-extra-semi-stmt -Wno-quoted-include-in-framework-header -fdebug-compilation-dir /Users/jerrychen/Downloads/openGLredBook9th-master/CMakeFiles/CMakeTmp -ferror-limit 19 -fmacro-backtrace-limit 0 -fmessage-length 0 -stack-protector 1 -fstack-check -mdarwin-stkchk-strong-link -fblocks -fencode-extended-block-signature -fregister-global-dtors-with-atexit -fobjc-runtime=macosx-10.15.0 -fpascal-strings -fmax-type-align=16 -fdiagnostics-show-option -fdiagnostics-show-note-include-stack -fasm-blocks -serialize-diagnostic-file /Users/jerrychen/Downloads/openGLredBook9th-master/CMakeFiles/CMakeTmp/CMAKE_TRY_COMPILE.build/Debug/cmTC_d341e.build/Objects-normal/x86_64/OpenMPTryFlag.dia -fopenmp -o /Users/jerrychen/Downloads/openGLredBook9th-master/CMakeFiles/CMakeTmp/CMAKE_TRY_COMPILE.build/Debug/cmTC_d341e.build/Objects-normal/x86_64/OpenMPTryFlag.o -x c /Users/jerrychen/Downloads/openGLredBook9th-master/CMakeFiles/FindOpenMP/OpenMPTryFlag.c
clang -cc1 version 11.0.3 (clang-1103.0.32.62) default target x86_64-apple-darwin19.5.0
ignoring nonexistent directory "/Users/jerrychen/Downloads/openGLredBook9th-master/CMakeFiles/CMakeTmp/Debug/include"
ignoring nonexistent directory "/Users/jerrychen/Downloads/openGLredBook9th-master/CMakeFiles/CMakeTmp/CMAKE_TRY_COMPILE.build/Debug/cmTC_d341e.build/DerivedSources-normal/x86_64"
ignoring nonexistent directory "/Users/jerrychen/Downloads/openGLredBook9th-master/CMakeFiles/CMakeTmp/CMAKE_TRY_COMPILE.build/Debug/cmTC_d341e.build/DerivedSources/x86_64"
ignoring nonexistent directory "/Users/jerrychen/Downloads/openGLredBook9th-master/CMakeFiles/CMakeTmp/CMAKE_TRY_COMPILE.build/Debug/cmTC_d341e.build/DerivedSources"
ignoring nonexistent directory "/Users/jerrychen/Downloads/openGLredBook9th-master/CMakeFiles/CMakeTmp/Debug"
ignoring nonexistent directory "/Applications/Xcode.app/Contents/Developer/Platforms/MacOSX.platform/Developer/SDKs/MacOSX10.15.sdk/usr/local/include"
ignoring nonexistent directory "/Applications/Xcode.app/Contents/Developer/Platforms/MacOSX.platform/Developer/SDKs/MacOSX10.15.sdk/Library/Frameworks"
#include "..." search starts here:
#include <...> search starts here:
 /Applications/Xcode.app/Contents/Developer/Toolchains/XcodeDefault.xctoolchain/usr/lib/clang/11.0.3/include
 /Applications/Xcode.app/Contents/Developer/Platforms/MacOSX.platform/Developer/SDKs/MacOSX10.15.sdk/usr/include
 /Applications/Xcode.app/Contents/Developer/Toolchains/XcodeDefault.xctoolchain/usr/include
 /Applications/Xcode.app/Contents/Developer/Platforms/MacOSX.platform/Developer/SDKs/MacOSX10.15.sdk/System/Library/Frameworks (framework directory)
End of search list.
/Users/jerrychen/Downloads/openGLredBook9th-master/CMakeFiles/FindOpenMP/OpenMPTryFlag.c:2:10: fatal error: 'omp.h' file not found
#include <omp.h>
         ^~~~~~~
1 error generated.

** BUILD FAILED **


The following build commands failed:
	CompileC CMAKE_TRY_COMPILE.build/Debug/cmTC_d341e.build/Objects-normal/x86_64/OpenMPTryFlag.o /Users/jerrychen/Downloads/openGLredBook9th-master/CMakeFiles/FindOpenMP/OpenMPTryFlag.c normal x86_64 c com.apple.compilers.llvm.clang.1_0.compiler
(1 failure)



Detecting CXX OpenMP failed with the following output:
Change Dir: /Users/jerrychen/Downloads/openGLredBook9th-master/CMakeFiles/CMakeTmp

Run Build Command(s):/usr/bin/xcodebuild -project CMAKE_TRY_COMPILE.xcodeproj build -target cmTC_a8b47 -configuration Debug -hideShellScriptEnvironment && 2020-08-01 11:26:46.678 xcodebuild[5681:161097] [MT] PluginLoading: Required plug-in compatibility UUID C80A9C11-3902-4885-944E-A035869BA910 for plug-in at path '~/Library/Application Support/Developer/Shared/Xcode/Plug-ins/KSHObjcUML.xcplugin' not present in DVTPlugInCompatibilityUUIDs
Command line invocation:
    /Applications/Xcode.app/Contents/Developer/usr/bin/xcodebuild -project CMAKE_TRY_COMPILE.xcodeproj build -target cmTC_a8b47 -configuration Debug -hideShellScriptEnvironment

User defaults from command line:
    HideShellScriptEnvironment = YES

Prepare build
note: Using legacy build system
=== BUILD TARGET cmTC_a8b47 OF PROJECT CMAKE_TRY_COMPILE WITH CONFIGURATION Debug ===

Check dependencies

Write auxiliary files
/bin/mkdir -p /Users/jerrychen/Downloads/openGLredBook9th-master/CMakeFiles/CMakeTmp/CMAKE_TRY_COMPILE.build/Debug/cmTC_a8b47.build/Objects-normal/x86_64
write-file /Users/jerrychen/Downloads/openGLredBook9th-master/CMakeFiles/CMakeTmp/CMAKE_TRY_COMPILE.build/Debug/cmTC_a8b47.build/Objects-normal/x86_64/cmTC_a8b47.LinkFileList

CompileC CMAKE_TRY_COMPILE.build/Debug/cmTC_a8b47.build/Objects-normal/x86_64/OpenMPTryFlag.o /Users/jerrychen/Downloads/openGLredBook9th-master/CMakeFiles/FindOpenMP/OpenMPTryFlag.cpp normal x86_64 c++ com.apple.compilers.llvm.clang.1_0.compiler
    cd /Users/jerrychen/Downloads/openGLredBook9th-master/CMakeFiles/CMakeTmp
    /Applications/Xcode.app/Contents/Developer/Toolchains/XcodeDefault.xctoolchain/usr/bin/clang -x c++ -target x86_64-apple-macos10.15 -fmessage-length=0 -fdiagnostics-show-note-include-stack -fmacro-backtrace-limit=0 -Wno-trigraphs -fpascal-strings -O0 -Wno-missing-field-initializers -Wno-missing-prototypes -Wno-return-type -Wno-non-virtual-dtor -Wno-overloaded-virtual -Wno-exit-time-destructors -Wno-missing-braces -Wparentheses -Wswitch -Wno-unused-function -Wno-unused-label -Wno-unused-parameter -Wno-unused-variable -Wunused-value -Wno-empty-body -Wno-uninitialized -Wno-unknown-pragmas -Wno-shadow -Wno-four-char-constants -Wno-conversion -Wno-constant-conversion -Wno-int-conversion -Wno-bool-conversion -Wno-enum-conversion -Wno-float-conversion -Wno-non-literal-null-conversion -Wno-objc-literal-conversion -Wno-shorten-64-to-32 -Wno-newline-eof -Wno-c++11-extensions -DCMAKE_INTDIR=\"Debug\" -isysroot /Applications/Xcode.app/Contents/Developer/Platforms/MacOSX.platform/Developer/SDKs/MacOSX10.15.sdk -fasm-blocks -fstrict-aliasing -Wdeprecated-declarations -Winvalid-offsetof -g -Wno-sign-conversion -Wno-infinite-recursion -Wno-move -Wno-comma -Wno-block-capture-autoreleasing -Wno-strict-prototypes -Wno-range-loop-analysis -Wno-semicolon-before-method-body -I/Users/jerrychen/Downloads/openGLredBook9th-master/CMakeFiles/CMakeTmp/Debug/include -I/Users/jerrychen/Downloads/openGLredBook9th-master/CMakeFiles/CMakeTmp/CMAKE_TRY_COMPILE.build/Debug/cmTC_a8b47.build/DerivedSources-normal/x86_64 -I/Users/jerrychen/Downloads/openGLredBook9th-master/CMakeFiles/CMakeTmp/CMAKE_TRY_COMPILE.build/Debug/cmTC_a8b47.build/DerivedSources/x86_64 -I/Users/jerrychen/Downloads/openGLredBook9th-master/CMakeFiles/CMakeTmp/CMAKE_TRY_COMPILE.build/Debug/cmTC_a8b47.build/DerivedSources -F/Users/jerrychen/Downloads/openGLredBook9th-master/CMakeFiles/CMakeTmp/Debug -fopenmp=libomp -v -MMD -MT dependencies -MF /Users/jerrychen/Downloads/openGLredBook9th-master/CMakeFiles/CMakeTmp/CMAKE_TRY_COMPILE.build/Debug/cmTC_a8b47.build/Objects-normal/x86_64/OpenMPTryFlag.d --serialize-diagnostics /Users/jerrychen/Downloads/openGLredBook9th-master/CMakeFiles/CMakeTmp/CMAKE_TRY_COMPILE.build/Debug/cmTC_a8b47.build/Objects-normal/x86_64/OpenMPTryFlag.dia -c /Users/jerrychen/Downloads/openGLredBook9th-master/CMakeFiles/FindOpenMP/OpenMPTryFlag.cpp -o /Users/jerrychen/Downloads/openGLredBook9th-master/CMakeFiles/CMakeTmp/CMAKE_TRY_COMPILE.build/Debug/cmTC_a8b47.build/Objects-normal/x86_64/OpenMPTryFlag.o
Apple clang version 11.0.3 (clang-1103.0.32.62)
Target: x86_64-apple-macos10.15
Thread model: posix
InstalledDir: /Applications/Xcode.app/Contents/Developer/Toolchains/XcodeDefault.xctoolchain/usr/bin
clang: error: unsupported argument 'libomp' to option 'fopenmp='

** BUILD FAILED **


The following build commands failed:
	CompileC CMAKE_TRY_COMPILE.build/Debug/cmTC_a8b47.build/Objects-normal/x86_64/OpenMPTryFlag.o /Users/jerrychen/Downloads/openGLredBook9th-master/CMakeFiles/FindOpenMP/OpenMPTryFlag.cpp normal x86_64 c++ com.apple.compilers.llvm.clang.1_0.compiler
(1 failure)



Detecting CXX OpenMP failed with the following output:
Change Dir: /Users/jerrychen/Downloads/openGLredBook9th-master/CMakeFiles/CMakeTmp

Run Build Command(s):/usr/bin/xcodebuild -project CMAKE_TRY_COMPILE.xcodeproj build -target cmTC_2b669 -configuration Debug -hideShellScriptEnvironment && 2020-08-01 11:26:49.176 xcodebuild[5696:161309] [MT] PluginLoading: Required plug-in compatibility UUID C80A9C11-3902-4885-944E-A035869BA910 for plug-in at path '~/Library/Application Support/Developer/Shared/Xcode/Plug-ins/KSHObjcUML.xcplugin' not present in DVTPlugInCompatibilityUUIDs
Command line invocation:
    /Applications/Xcode.app/Contents/Developer/usr/bin/xcodebuild -project CMAKE_TRY_COMPILE.xcodeproj build -target cmTC_2b669 -configuration Debug -hideShellScriptEnvironment

User defaults from command line:
    HideShellScriptEnvironment = YES

Prepare build
note: Using legacy build system
=== BUILD TARGET cmTC_2b669 OF PROJECT CMAKE_TRY_COMPILE WITH CONFIGURATION Debug ===

Check dependencies

Write auxiliary files
/bin/mkdir -p /Users/jerrychen/Downloads/openGLredBook9th-master/CMakeFiles/CMakeTmp/CMAKE_TRY_COMPILE.build/Debug/cmTC_2b669.build/Objects-normal/x86_64
write-file /Users/jerrychen/Downloads/openGLredBook9th-master/CMakeFiles/CMakeTmp/CMAKE_TRY_COMPILE.build/Debug/cmTC_2b669.build/Objects-normal/x86_64/cmTC_2b669.LinkFileList

CompileC CMAKE_TRY_COMPILE.build/Debug/cmTC_2b669.build/Objects-normal/x86_64/OpenMPTryFlag.o /Users/jerrychen/Downloads/openGLredBook9th-master/CMakeFiles/FindOpenMP/OpenMPTryFlag.cpp normal x86_64 c++ com.apple.compilers.llvm.clang.1_0.compiler
    cd /Users/jerrychen/Downloads/openGLredBook9th-master/CMakeFiles/CMakeTmp
    /Applications/Xcode.app/Contents/Developer/Toolchains/XcodeDefault.xctoolchain/usr/bin/clang -x c++ -target x86_64-apple-macos10.15 -fmessage-length=0 -fdiagnostics-show-note-include-stack -fmacro-backtrace-limit=0 -Wno-trigraphs -fpascal-strings -O0 -Wno-missing-field-initializers -Wno-missing-prototypes -Wno-return-type -Wno-non-virtual-dtor -Wno-overloaded-virtual -Wno-exit-time-destructors -Wno-missing-braces -Wparentheses -Wswitch -Wno-unused-function -Wno-unused-label -Wno-unused-parameter -Wno-unused-variable -Wunused-value -Wno-empty-body -Wno-uninitialized -Wno-unknown-pragmas -Wno-shadow -Wno-four-char-constants -Wno-conversion -Wno-constant-conversion -Wno-int-conversion -Wno-bool-conversion -Wno-enum-conversion -Wno-float-conversion -Wno-non-literal-null-conversion -Wno-objc-literal-conversion -Wno-shorten-64-to-32 -Wno-newline-eof -Wno-c++11-extensions -DCMAKE_INTDIR=\"Debug\" -isysroot /Applications/Xcode.app/Contents/Developer/Platforms/MacOSX.platform/Developer/SDKs/MacOSX10.15.sdk -fasm-blocks -fstrict-aliasing -Wdeprecated-declarations -Winvalid-offsetof -g -Wno-sign-conversion -Wno-infinite-recursion -Wno-move -Wno-comma -Wno-block-capture-autoreleasing -Wno-strict-prototypes -Wno-range-loop-analysis -Wno-semicolon-before-method-body -I/Users/jerrychen/Downloads/openGLredBook9th-master/CMakeFiles/CMakeTmp/Debug/include -I/Users/jerrychen/Downloads/openGLredBook9th-master/CMakeFiles/CMakeTmp/CMAKE_TRY_COMPILE.build/Debug/cmTC_2b669.build/DerivedSources-normal/x86_64 -I/Users/jerrychen/Downloads/openGLredBook9th-master/CMakeFiles/CMakeTmp/CMAKE_TRY_COMPILE.build/Debug/cmTC_2b669.build/DerivedSources/x86_64 -I/Users/jerrychen/Downloads/openGLredBook9th-master/CMakeFiles/CMakeTmp/CMAKE_TRY_COMPILE.build/Debug/cmTC_2b669.build/DerivedSources -F/Users/jerrychen/Downloads/openGLredBook9th-master/CMakeFiles/CMakeTmp/Debug -fopenmp=libiomp5 -v -MMD -MT dependencies -MF /Users/jerrychen/Downloads/openGLredBook9th-master/CMakeFiles/CMakeTmp/CMAKE_TRY_COMPILE.build/Debug/cmTC_2b669.build/Objects-normal/x86_64/OpenMPTryFlag.d --serialize-diagnostics /Users/jerrychen/Downloads/openGLredBook9th-master/CMakeFiles/CMakeTmp/CMAKE_TRY_COMPILE.build/Debug/cmTC_2b669.build/Objects-normal/x86_64/OpenMPTryFlag.dia -c /Users/jerrychen/Downloads/openGLredBook9th-master/CMakeFiles/FindOpenMP/OpenMPTryFlag.cpp -o /Users/jerrychen/Downloads/openGLredBook9th-master/CMakeFiles/CMakeTmp/CMAKE_TRY_COMPILE.build/Debug/cmTC_2b669.build/Objects-normal/x86_64/OpenMPTryFlag.o
Apple clang version 11.0.3 (clang-1103.0.32.62)
Target: x86_64-apple-macos10.15
Thread model: posix
InstalledDir: /Applications/Xcode.app/Contents/Developer/Toolchains/XcodeDefault.xctoolchain/usr/bin
clang: error: unsupported argument 'libiomp5' to option 'fopenmp='

** BUILD FAILED **


The following build commands failed:
	CompileC CMAKE_TRY_COMPILE.build/Debug/cmTC_2b669.build/Objects-normal/x86_64/OpenMPTryFlag.o /Users/jerrychen/Downloads/openGLredBook9th-master/CMakeFiles/FindOpenMP/OpenMPTryFlag.cpp normal x86_64 c++ com.apple.compilers.llvm.clang.1_0.compiler
(1 failure)



Detecting CXX OpenMP failed with the following output:
Change Dir: /Users/jerrychen/Downloads/openGLredBook9th-master/CMakeFiles/CMakeTmp

Run Build Command(s):/usr/bin/xcodebuild -project CMAKE_TRY_COMPILE.xcodeproj build -target cmTC_be7cf -configuration Debug -hideShellScriptEnvironment && 2020-08-01 11:26:51.329 xcodebuild[5710:161510] [MT] PluginLoading: Required plug-in compatibility UUID C80A9C11-3902-4885-944E-A035869BA910 for plug-in at path '~/Library/Application Support/Developer/Shared/Xcode/Plug-ins/KSHObjcUML.xcplugin' not present in DVTPlugInCompatibilityUUIDs
Command line invocation:
    /Applications/Xcode.app/Contents/Developer/usr/bin/xcodebuild -project CMAKE_TRY_COMPILE.xcodeproj build -target cmTC_be7cf -configuration Debug -hideShellScriptEnvironment

User defaults from command line:
    HideShellScriptEnvironment = YES

Prepare build
note: Using legacy build system
=== BUILD TARGET cmTC_be7cf OF PROJECT CMAKE_TRY_COMPILE WITH CONFIGURATION Debug ===

Check dependencies

Write auxiliary files
/bin/mkdir -p /Users/jerrychen/Downloads/openGLredBook9th-master/CMakeFiles/CMakeTmp/CMAKE_TRY_COMPILE.build/Debug/cmTC_be7cf.build/Objects-normal/x86_64
write-file /Users/jerrychen/Downloads/openGLredBook9th-master/CMakeFiles/CMakeTmp/CMAKE_TRY_COMPILE.build/Debug/cmTC_be7cf.build/Objects-normal/x86_64/cmTC_be7cf.LinkFileList

CompileC CMAKE_TRY_COMPILE.build/Debug/cmTC_be7cf.build/Objects-normal/x86_64/OpenMPTryFlag.o /Users/jerrychen/Downloads/openGLredBook9th-master/CMakeFiles/FindOpenMP/OpenMPTryFlag.cpp normal x86_64 c++ com.apple.compilers.llvm.clang.1_0.compiler
    cd /Users/jerrychen/Downloads/openGLredBook9th-master/CMakeFiles/CMakeTmp
    /Applications/Xcode.app/Contents/Developer/Toolchains/XcodeDefault.xctoolchain/usr/bin/clang -x c++ -target x86_64-apple-macos10.15 -fmessage-length=0 -fdiagnostics-show-note-include-stack -fmacro-backtrace-limit=0 -Wno-trigraphs -fpascal-strings -O0 -Wno-missing-field-initializers -Wno-missing-prototypes -Wno-return-type -Wno-non-virtual-dtor -Wno-overloaded-virtual -Wno-exit-time-destructors -Wno-missing-braces -Wparentheses -Wswitch -Wno-unused-function -Wno-unused-label -Wno-unused-parameter -Wno-unused-variable -Wunused-value -Wno-empty-body -Wno-uninitialized -Wno-unknown-pragmas -Wno-shadow -Wno-four-char-constants -Wno-conversion -Wno-constant-conversion -Wno-int-conversion -Wno-bool-conversion -Wno-enum-conversion -Wno-float-conversion -Wno-non-literal-null-conversion -Wno-objc-literal-conversion -Wno-shorten-64-to-32 -Wno-newline-eof -Wno-c++11-extensions -DCMAKE_INTDIR=\"Debug\" -isysroot /Applications/Xcode.app/Contents/Developer/Platforms/MacOSX.platform/Developer/SDKs/MacOSX10.15.sdk -fasm-blocks -fstrict-aliasing -Wdeprecated-declarations -Winvalid-offsetof -g -Wno-sign-conversion -Wno-infinite-recursion -Wno-move -Wno-comma -Wno-block-capture-autoreleasing -Wno-strict-prototypes -Wno-range-loop-analysis -Wno-semicolon-before-method-body -I/Users/jerrychen/Downloads/openGLredBook9th-master/CMakeFiles/CMakeTmp/Debug/include -I/Users/jerrychen/Downloads/openGLredBook9th-master/CMakeFiles/CMakeTmp/CMAKE_TRY_COMPILE.build/Debug/cmTC_be7cf.build/DerivedSources-normal/x86_64 -I/Users/jerrychen/Downloads/openGLredBook9th-master/CMakeFiles/CMakeTmp/CMAKE_TRY_COMPILE.build/Debug/cmTC_be7cf.build/DerivedSources/x86_64 -I/Users/jerrychen/Downloads/openGLredBook9th-master/CMakeFiles/CMakeTmp/CMAKE_TRY_COMPILE.build/Debug/cmTC_be7cf.build/DerivedSources -F/Users/jerrychen/Downloads/openGLredBook9th-master/CMakeFiles/CMakeTmp/Debug -fopenmp -v -MMD -MT dependencies -MF /Users/jerrychen/Downloads/openGLredBook9th-master/CMakeFiles/CMakeTmp/CMAKE_TRY_COMPILE.build/Debug/cmTC_be7cf.build/Objects-normal/x86_64/OpenMPTryFlag.d --serialize-diagnostics /Users/jerrychen/Downloads/openGLredBook9th-master/CMakeFiles/CMakeTmp/CMAKE_TRY_COMPILE.build/Debug/cmTC_be7cf.build/Objects-normal/x86_64/OpenMPTryFlag.dia -c /Users/jerrychen/Downloads/openGLredBook9th-master/CMakeFiles/FindOpenMP/OpenMPTryFlag.cpp -o /Users/jerrychen/Downloads/openGLredBook9th-master/CMakeFiles/CMakeTmp/CMAKE_TRY_COMPILE.build/Debug/cmTC_be7cf.build/Objects-normal/x86_64/OpenMPTryFlag.o
Apple clang version 11.0.3 (clang-1103.0.32.62)
Target: x86_64-apple-macos10.15
Thread model: posix
InstalledDir: /Applications/Xcode.app/Contents/Developer/Toolchains/XcodeDefault.xctoolchain/usr/bin
clang: error: unsupported option '-fopenmp'

** BUILD FAILED **


The following build commands failed:
	CompileC CMAKE_TRY_COMPILE.build/Debug/cmTC_be7cf.build/Objects-normal/x86_64/OpenMPTryFlag.o /Users/jerrychen/Downloads/openGLredBook9th-master/CMakeFiles/FindOpenMP/OpenMPTryFlag.cpp normal x86_64 c++ com.apple.compilers.llvm.clang.1_0.compiler
(1 failure)



Detecting CXX OpenMP failed with the following output:
Change Dir: /Users/jerrychen/Downloads/openGLredBook9th-master/CMakeFiles/CMakeTmp

Run Build Command(s):/usr/bin/xcodebuild -project CMAKE_TRY_COMPILE.xcodeproj build -target cmTC_00edd -configuration Debug -hideShellScriptEnvironment && 2020-08-01 11:26:54.011 xcodebuild[5726:161727] [MT] PluginLoading: Required plug-in compatibility UUID C80A9C11-3902-4885-944E-A035869BA910 for plug-in at path '~/Library/Application Support/Developer/Shared/Xcode/Plug-ins/KSHObjcUML.xcplugin' not present in DVTPlugInCompatibilityUUIDs
Command line invocation:
    /Applications/Xcode.app/Contents/Developer/usr/bin/xcodebuild -project CMAKE_TRY_COMPILE.xcodeproj build -target cmTC_00edd -configuration Debug -hideShellScriptEnvironment

User defaults from command line:
    HideShellScriptEnvironment = YES

Prepare build
note: Using legacy build system
=== BUILD TARGET cmTC_00edd OF PROJECT CMAKE_TRY_COMPILE WITH CONFIGURATION Debug ===

Check dependencies

Write auxiliary files
/bin/mkdir -p /Users/jerrychen/Downloads/openGLredBook9th-master/CMakeFiles/CMakeTmp/CMAKE_TRY_COMPILE.build/Debug/cmTC_00edd.build/Objects-normal/x86_64
write-file /Users/jerrychen/Downloads/openGLredBook9th-master/CMakeFiles/CMakeTmp/CMAKE_TRY_COMPILE.build/Debug/cmTC_00edd.build/Objects-normal/x86_64/cmTC_00edd.LinkFileList

CompileC CMAKE_TRY_COMPILE.build/Debug/cmTC_00edd.build/Objects-normal/x86_64/OpenMPTryFlag.o /Users/jerrychen/Downloads/openGLredBook9th-master/CMakeFiles/FindOpenMP/OpenMPTryFlag.cpp normal x86_64 c++ com.apple.compilers.llvm.clang.1_0.compiler
    cd /Users/jerrychen/Downloads/openGLredBook9th-master/CMakeFiles/CMakeTmp
    /Applications/Xcode.app/Contents/Developer/Toolchains/XcodeDefault.xctoolchain/usr/bin/clang -x c++ -target x86_64-apple-macos10.15 -fmessage-length=0 -fdiagnostics-show-note-include-stack -fmacro-backtrace-limit=0 -Wno-trigraphs -fpascal-strings -O0 -Wno-missing-field-initializers -Wno-missing-prototypes -Wno-return-type -Wno-non-virtual-dtor -Wno-overloaded-virtual -Wno-exit-time-destructors -Wno-missing-braces -Wparentheses -Wswitch -Wno-unused-function -Wno-unused-label -Wno-unused-parameter -Wno-unused-variable -Wunused-value -Wno-empty-body -Wno-uninitialized -Wno-unknown-pragmas -Wno-shadow -Wno-four-char-constants -Wno-conversion -Wno-constant-conversion -Wno-int-conversion -Wno-bool-conversion -Wno-enum-conversion -Wno-float-conversion -Wno-non-literal-null-conversion -Wno-objc-literal-conversion -Wno-shorten-64-to-32 -Wno-newline-eof -Wno-c++11-extensions -DCMAKE_INTDIR=\"Debug\" -isysroot /Applications/Xcode.app/Contents/Developer/Platforms/MacOSX.platform/Developer/SDKs/MacOSX10.15.sdk -fasm-blocks -fstrict-aliasing -Wdeprecated-declarations -Winvalid-offsetof -g -Wno-sign-conversion -Wno-infinite-recursion -Wno-move -Wno-comma -Wno-block-capture-autoreleasing -Wno-strict-prototypes -Wno-range-loop-analysis -Wno-semicolon-before-method-body -I/Users/jerrychen/Downloads/openGLredBook9th-master/CMakeFiles/CMakeTmp/Debug/include -I/Users/jerrychen/Downloads/openGLredBook9th-master/CMakeFiles/CMakeTmp/CMAKE_TRY_COMPILE.build/Debug/cmTC_00edd.build/DerivedSources-normal/x86_64 -I/Users/jerrychen/Downloads/openGLredBook9th-master/CMakeFiles/CMakeTmp/CMAKE_TRY_COMPILE.build/Debug/cmTC_00edd.build/DerivedSources/x86_64 -I/Users/jerrychen/Downloads/openGLredBook9th-master/CMakeFiles/CMakeTmp/CMAKE_TRY_COMPILE.build/Debug/cmTC_00edd.build/DerivedSources -F/Users/jerrychen/Downloads/openGLredBook9th-master/CMakeFiles/CMakeTmp/Debug -Xclang -fopenmp -v -MMD -MT dependencies -MF /Users/jerrychen/Downloads/openGLredBook9th-master/CMakeFiles/CMakeTmp/CMAKE_TRY_COMPILE.build/Debug/cmTC_00edd.build/Objects-normal/x86_64/OpenMPTryFlag.d --serialize-diagnostics /Users/jerrychen/Downloads/openGLredBook9th-master/CMakeFiles/CMakeTmp/CMAKE_TRY_COMPILE.build/Debug/cmTC_00edd.build/Objects-normal/x86_64/OpenMPTryFlag.dia -c /Users/jerrychen/Downloads/openGLredBook9th-master/CMakeFiles/FindOpenMP/OpenMPTryFlag.cpp -o /Users/jerrychen/Downloads/openGLredBook9th-master/CMakeFiles/CMakeTmp/CMAKE_TRY_COMPILE.build/Debug/cmTC_00edd.build/Objects-normal/x86_64/OpenMPTryFlag.o
Apple clang version 11.0.3 (clang-1103.0.32.62)
Target: x86_64-apple-macos10.15
Thread model: posix
InstalledDir: /Applications/Xcode.app/Contents/Developer/Toolchains/XcodeDefault.xctoolchain/usr/bin
 "/Applications/Xcode.app/Contents/Developer/Toolchains/XcodeDefault.xctoolchain/usr/bin/clang" -cc1 -triple x86_64-apple-macosx10.15.0 -Wdeprecated-objc-isa-usage -Werror=deprecated-objc-isa-usage -emit-obj -mrelax-all -disable-free -disable-llvm-verifier -discard-value-names -main-file-name OpenMPTryFlag.cpp -mrelocation-model pic -pic-level 2 -mthread-model posix -mframe-pointer=all -fno-strict-return -masm-verbose -munwind-tables -target-sdk-version=10.15.6 -target-cpu penryn -dwarf-column-info -debug-info-kind=standalone -dwarf-version=4 -debugger-tuning=lldb -target-linker-version 556.6 -v -coverage-notes-file /Users/jerrychen/Downloads/openGLredBook9th-master/CMakeFiles/CMakeTmp/CMAKE_TRY_COMPILE.build/Debug/cmTC_00edd.build/Objects-normal/x86_64/OpenMPTryFlag.gcno -resource-dir /Applications/Xcode.app/Contents/Developer/Toolchains/XcodeDefault.xctoolchain/usr/lib/clang/11.0.3 -dependency-file /Users/jerrychen/Downloads/openGLredBook9th-master/CMakeFiles/CMakeTmp/CMAKE_TRY_COMPILE.build/Debug/cmTC_00edd.build/Objects-normal/x86_64/OpenMPTryFlag.d -skip-unused-modulemap-deps -MT dependencies -isysroot /Applications/Xcode.app/Contents/Developer/Platforms/MacOSX.platform/Developer/SDKs/MacOSX10.15.sdk -D "CMAKE_INTDIR=\"Debug\"" -I /Users/jerrychen/Downloads/openGLredBook9th-master/CMakeFiles/CMakeTmp/Debug/include -I /Users/jerrychen/Downloads/openGLredBook9th-master/CMakeFiles/CMakeTmp/CMAKE_TRY_COMPILE.build/Debug/cmTC_00edd.build/DerivedSources-normal/x86_64 -I /Users/jerrychen/Downloads/openGLredBook9th-master/CMakeFiles/CMakeTmp/CMAKE_TRY_COMPILE.build/Debug/cmTC_00edd.build/DerivedSources/x86_64 -I /Users/jerrychen/Downloads/openGLredBook9th-master/CMakeFiles/CMakeTmp/CMAKE_TRY_COMPILE.build/Debug/cmTC_00edd.build/DerivedSources -F/Users/jerrychen/Downloads/openGLredBook9th-master/CMakeFiles/CMakeTmp/Debug -stdlib=libc++ -internal-isystem /Applications/Xcode.app/Contents/Developer/Toolchains/XcodeDefault.xctoolchain/usr/bin/../include/c++/v1 -internal-isystem /Applications/Xcode.app/Contents/Developer/Platforms/MacOSX.platform/Developer/SDKs/MacOSX10.15.sdk/usr/include/c++/v1 -internal-isystem /Applications/Xcode.app/Contents/Developer/Platforms/MacOSX.platform/Developer/SDKs/MacOSX10.15.sdk/usr/local/include -internal-isystem /Applications/Xcode.app/Contents/Developer/Toolchains/XcodeDefault.xctoolchain/usr/lib/clang/11.0.3/include -internal-externc-isystem /Applications/Xcode.app/Contents/Developer/Platforms/MacOSX.platform/Developer/SDKs/MacOSX10.15.sdk/usr/include -internal-externc-isystem /Applications/Xcode.app/Contents/Developer/Toolchains/XcodeDefault.xctoolchain/usr/include -O0 -Wno-trigraphs -Wno-missing-field-initializers -Wno-missing-prototypes -Wno-return-type -Wno-non-virtual-dtor -Wno-overloaded-virtual -Wno-exit-time-destructors -Wno-missing-braces -Wparentheses -Wswitch -Wno-unused-function -Wno-unused-label -Wno-unused-parameter -Wno-unused-variable -Wunused-value -Wno-empty-body -Wno-uninitialized -Wno-unknown-pragmas -Wno-shadow -Wno-four-char-constants -Wno-conversion -Wno-constant-conversion -Wno-int-conversion -Wno-bool-conversion -Wno-enum-conversion -Wno-float-conversion -Wno-non-literal-null-conversion -Wno-objc-literal-conversion -Wno-shorten-64-to-32 -Wno-newline-eof -Wno-c++11-extensions -Wdeprecated-declarations -Winvalid-offsetof -Wno-sign-conversion -Wno-infinite-recursion -Wno-move -Wno-comma -Wno-block-capture-autoreleasing -Wno-strict-prototypes -Wno-range-loop-analysis -Wno-semicolon-before-method-body -Wno-objc-signed-char-bool-implicit-int-conversion -Wno-extra-semi-stmt -Wno-quoted-include-in-framework-header -fdeprecated-macro -fdebug-compilation-dir /Users/jerrychen/Downloads/openGLredBook9th-master/CMakeFiles/CMakeTmp -ferror-limit 19 -fmacro-backtrace-limit 0 -fmessage-length 0 -stack-protector 1 -fstack-check -mdarwin-stkchk-strong-link -fblocks -fencode-extended-block-signature -fregister-global-dtors-with-atexit -fobjc-runtime=macosx-10.15.0 -fcxx-exceptions -fexceptions -fpascal-strings -fmax-type-align=16 -fdiagnostics-show-option -fdiagnostics-show-note-include-stack -fasm-blocks -serialize-diagnostic-file /Users/jerrychen/Downloads/openGLredBook9th-master/CMakeFiles/CMakeTmp/CMAKE_TRY_COMPILE.build/Debug/cmTC_00edd.build/Objects-normal/x86_64/OpenMPTryFlag.dia -fopenmp -o /Users/jerrychen/Downloads/openGLredBook9th-master/CMakeFiles/CMakeTmp/CMAKE_TRY_COMPILE.build/Debug/cmTC_00edd.build/Objects-normal/x86_64/OpenMPTryFlag.o -x c++ /Users/jerrychen/Downloads/openGLredBook9th-master/CMakeFiles/FindOpenMP/OpenMPTryFlag.cpp
clang -cc1 version 11.0.3 (clang-1103.0.32.62) default target x86_64-apple-darwin19.5.0
ignoring nonexistent directory "/Users/jerrychen/Downloads/openGLredBook9th-master/CMakeFiles/CMakeTmp/Debug/include"
ignoring nonexistent directory "/Users/jerrychen/Downloads/openGLredBook9th-master/CMakeFiles/CMakeTmp/CMAKE_TRY_COMPILE.build/Debug/cmTC_00edd.build/DerivedSources-normal/x86_64"
ignoring nonexistent directory "/Users/jerrychen/Downloads/openGLredBook9th-master/CMakeFiles/CMakeTmp/CMAKE_TRY_COMPILE.build/Debug/cmTC_00edd.build/DerivedSources/x86_64"
ignoring nonexistent directory "/Users/jerrychen/Downloads/openGLredBook9th-master/CMakeFiles/CMakeTmp/CMAKE_TRY_COMPILE.build/Debug/cmTC_00edd.build/DerivedSources"
ignoring nonexistent directory "/Users/jerrychen/Downloads/openGLredBook9th-master/CMakeFiles/CMakeTmp/Debug"
ignoring nonexistent directory "/Applications/Xcode.app/Contents/Developer/Platforms/MacOSX.platform/Developer/SDKs/MacOSX10.15.sdk/usr/include/c++/v1"
ignoring nonexistent directory "/Applications/Xcode.app/Contents/Developer/Platforms/MacOSX.platform/Developer/SDKs/MacOSX10.15.sdk/usr/local/include"
ignoring nonexistent directory "/Applications/Xcode.app/Contents/Developer/Platforms/MacOSX.platform/Developer/SDKs/MacOSX10.15.sdk/Library/Frameworks"
#include "..." search starts here:
#include <...> search starts here:
 /Applications/Xcode.app/Contents/Developer/Toolchains/XcodeDefault.xctoolchain/usr/bin/../include/c++/v1
 /Applications/Xcode.app/Contents/Developer/Toolchains/XcodeDefault.xctoolchain/usr/lib/clang/11.0.3/include
 /Applications/Xcode.app/Contents/Developer/Platforms/MacOSX.platform/Developer/SDKs/MacOSX10.15.sdk/usr/include
 /Applications/Xcode.app/Contents/Developer/Toolchains/XcodeDefault.xctoolchain/usr/include
 /Applications/Xcode.app/Contents/Developer/Platforms/MacOSX.platform/Developer/SDKs/MacOSX10.15.sdk/System/Library/Frameworks (framework directory)
End of search list.
/Users/jerrychen/Downloads/openGLredBook9th-master/CMakeFiles/FindOpenMP/OpenMPTryFlag.cpp:2:10: fatal error: 'omp.h' file not found
#include <omp.h>
         ^~~~~~~
1 error generated.

** BUILD FAILED **


The following build commands failed:
	CompileC CMAKE_TRY_COMPILE.build/Debug/cmTC_00edd.build/Objects-normal/x86_64/OpenMPTryFlag.o /Users/jerrychen/Downloads/openGLredBook9th-master/CMakeFiles/FindOpenMP/OpenMPTryFlag.cpp normal x86_64 c++ com.apple.compilers.llvm.clang.1_0.compiler
(1 failure)



